c:\users\saadat\source\repos\assem\debug\assem.pch
c:\users\saadat\source\repos\assem\debug\vc142.pdb
c:\users\saadat\source\repos\assem\debug\vc142.idb
c:\users\saadat\source\repos\assem\debug\assem.obj
c:\users\saadat\source\repos\assem\debug\assembler.obj
c:\users\saadat\source\repos\assem\debug\emulator.obj
c:\users\saadat\source\repos\assem\debug\errors.obj
c:\users\saadat\source\repos\assem\debug\fileaccess.obj
c:\users\saadat\source\repos\assem\debug\instruction.obj
c:\users\saadat\source\repos\assem\debug\stdafx.obj
c:\users\saadat\source\repos\assem\debug\symtab.obj
c:\users\saadat\source\repos\assem\debug\assem.exe
c:\users\saadat\source\repos\assem\debug\assem.ilk
c:\users\saadat\source\repos\assem\debug\assem.pdb
c:\users\saadat\source\repos\assem\debug\assem.tlog\cl.command.1.tlog
c:\users\saadat\source\repos\assem\debug\assem.tlog\cl.read.1.tlog
c:\users\saadat\source\repos\assem\debug\assem.tlog\cl.write.1.tlog
c:\users\saadat\source\repos\assem\debug\assem.tlog\link.command.1.tlog
c:\users\saadat\source\repos\assem\debug\assem.tlog\link.read.1.tlog
c:\users\saadat\source\repos\assem\debug\assem.tlog\link.write.1.tlog
